This file contains any messages produced by compilers while
running configure, to aid debugging if configure makes a mistake.

It was created by libuv configure 1.9.1, which was
generated by GNU Autoconf 2.69.  Invocation command line was

  $ ./configure 

## --------- ##
## Platform. ##
## --------- ##

hostname = fengwenbindeMacBook-Pro.local
uname -m = x86_64
uname -r = 15.6.0
uname -s = Darwin
uname -v = Darwin Kernel Version 15.6.0: Thu Jun 23 18:25:34 PDT 2016; root:xnu-3248.60.10~1/RELEASE_X86_64

/usr/bin/uname -p = i386
/bin/uname -X     = unknown

/bin/arch              = unknown
/usr/bin/arch -k       = unknown
/usr/convex/getsysinfo = unknown
/usr/bin/hostinfo      = Mach kernel version:
	 Darwin Kernel Version 15.6.0: Thu Jun 23 18:25:34 PDT 2016; root:xnu-3248.60.10~1/RELEASE_X86_64
Kernel configured for up to 4 processors.
2 processors are physically available.
4 processors are logically available.
Processor type: x86_64h (Intel x86-64h Haswell)
Processors active: 0 1 2 3
Primary memory available: 8.00 gigabytes
Default processor set: 295 tasks, 2028 threads, 4 processors
Load average: 1.99, Mach factor: 2.00
/bin/machine           = unknown
/usr/bin/oslevel       = unknown
/bin/universe          = unknown

PATH: /usr/local/bin
PATH: /usr/bin
PATH: /bin
PATH: /usr/sbin
PATH: /sbin


## ----------- ##
## Core tests. ##
## ----------- ##

configure:2343: checking for a BSD-compatible install
configure:2411: result: /usr/bin/install -c
configure:2422: checking whether build environment is sane
configure:2477: result: yes
configure:2628: checking for a thread-safe mkdir -p
configure:2667: result: ./install-sh -c -d
configure:2674: checking for gawk
configure:2704: result: no
configure:2674: checking for mawk
configure:2704: result: no
configure:2674: checking for nawk
configure:2704: result: no
configure:2674: checking for awk
configure:2690: found /usr/bin/awk
configure:2701: result: awk
configure:2712: checking whether make sets $(MAKE)
configure:2734: result: yes
configure:2763: checking whether make supports nested variables
configure:2780: result: yes
configure:2910: checking build system type
configure:2924: result: x86_64-apple-darwin15.6.0
configure:2944: checking host system type
configure:2957: result: x86_64-apple-darwin15.6.0
configure:3087: checking for gcc
configure:3103: found /usr/bin/gcc
configure:3114: result: gcc
configure:3343: checking for C compiler version
configure:3352: gcc --version >&5
Apple LLVM version 7.3.0 (clang-703.0.31)
Target: x86_64-apple-darwin15.6.0
Thread model: posix
InstalledDir: /Applications/Xcode.app/Contents/Developer/Toolchains/XcodeDefault.xctoolchain/usr/bin
Configured with: --prefix=/Applications/Xcode.app/Contents/Developer/usr --with-gxx-include-dir=/usr/include/c++/4.2.1
configure:3363: $? = 0
configure:3352: gcc -v >&5
Configured with: --prefix=/Applications/Xcode.app/Contents/Developer/usr --with-gxx-include-dir=/usr/include/c++/4.2.1
Apple LLVM version 7.3.0 (clang-703.0.31)
Target: x86_64-apple-darwin15.6.0
Thread model: posix
InstalledDir: /Applications/Xcode.app/Contents/Developer/Toolchains/XcodeDefault.xctoolchain/usr/bin
configure:3363: $? = 0
configure:3352: gcc -V >&5
clang: error: argument to '-V' is missing (expected 1 value)
clang: error: no input files
configure:3363: $? = 1
configure:3352: gcc -qversion >&5
clang: error: unknown argument: '-qversion'
clang: error: no input files
configure:3363: $? = 1
configure:3383: checking whether the C compiler works
configure:3405: gcc    conftest.c  >&5
configure:3409: $? = 0
configure:3457: result: yes
configure:3460: checking for C compiler default output file name
configure:3462: result: a.out
configure:3468: checking for suffix of executables
configure:3475: gcc -o conftest    conftest.c  >&5
configure:3479: $? = 0
configure:3501: result: 
configure:3523: checking whether we are cross compiling
configure:3531: gcc -o conftest    conftest.c  >&5
configure:3535: $? = 0
configure:3542: ./conftest
configure:3546: $? = 0
configure:3561: result: no
configure:3566: checking for suffix of object files
configure:3588: gcc -c   conftest.c >&5
configure:3592: $? = 0
configure:3613: result: o
configure:3617: checking whether we are using the GNU C compiler
configure:3636: gcc -c   conftest.c >&5
configure:3636: $? = 0
configure:3645: result: yes
configure:3654: checking whether gcc accepts -g
configure:3674: gcc -c -g  conftest.c >&5
configure:3674: $? = 0
configure:3715: result: yes
configure:3732: checking for gcc option to accept ISO C89
configure:3795: gcc  -c -g -O2  conftest.c >&5
configure:3795: $? = 0
configure:3808: result: none needed
configure:3833: checking whether gcc understands -c and -o together
configure:3855: gcc -c conftest.c -o conftest2.o
configure:3858: $? = 0
configure:3855: gcc -c conftest.c -o conftest2.o
configure:3858: $? = 0
configure:3870: result: yes
configure:3898: checking for style of include used by make
configure:3926: result: GNU
configure:3952: checking dependency style of gcc
configure:4063: result: gcc3
configure:4081: checking for gcc way to treat warnings as errors
configure:4096: gcc -c -g -O2 -Werror  conftest.c >&5
configure:4096: $? = 0
configure:4139: result: -Werror
configure:4144: checking if gcc supports -fvisibility=hidden
configure:4161: gcc -c -g -O2 -Werror -fvisibility=hidden  conftest.c >&5
configure:4161: $? = 0
configure:4180: result: yes
configure:4193: checking if gcc supports -g flag
configure:4208: gcc -c -g -O2 -g  conftest.c >&5
configure:4208: $? = 0
configure:4225: result: yes
configure:4237: checking if gcc supports -std=gnu89 flag
configure:4252: gcc -c -g -O2 -g -std=gnu89  conftest.c >&5
configure:4252: $? = 0
configure:4269: result: yes
configure:4281: checking if gcc supports -pedantic flag
configure:4296: gcc -c -g -O2 -g -std=gnu89 -pedantic  conftest.c >&5
configure:4296: $? = 0
configure:4313: result: yes
configure:4325: checking if gcc supports -Wall flag
configure:4340: gcc -c -g -O2 -g -std=gnu89 -pedantic -Wall  conftest.c >&5
configure:4340: $? = 0
configure:4357: result: yes
configure:4369: checking if gcc supports -Wextra flag
configure:4384: gcc -c -g -O2 -g -std=gnu89 -pedantic -Wall -Wextra  conftest.c >&5
configure:4384: $? = 0
configure:4401: result: yes
configure:4413: checking if gcc supports -Wno-unused-parameter flag
configure:4428: gcc -c -g -O2 -g -std=gnu89 -pedantic -Wall -Wextra -Wno-unused-parameter  conftest.c >&5
configure:4428: $? = 0
configure:4445: result: yes
configure:4504: checking for ar
configure:4520: found /usr/bin/ar
configure:4531: result: ar
configure:4557: checking the archiver (ar) interface
configure:4573: gcc -c -g -O2 -g -std=gnu89 -pedantic -Wall -Wextra -Wno-unused-parameter  conftest.c >&5
configure:4573: $? = 0
configure:4575: ar cru libconftest.a conftest.o >&5
configure:4578: $? = 0
configure:4606: result: ar
configure:4673: checking how to print strings
configure:4700: result: printf
configure:4721: checking for a sed that does not truncate output
configure:4785: result: /usr/bin/sed
configure:4803: checking for grep that handles long lines and -e
configure:4861: result: /usr/bin/grep
configure:4866: checking for egrep
configure:4928: result: /usr/bin/grep -E
configure:4933: checking for fgrep
configure:4995: result: /usr/bin/grep -F
configure:5030: checking for ld used by gcc
configure:5097: result: /Applications/Xcode.app/Contents/Developer/Toolchains/XcodeDefault.xctoolchain/usr/bin/ld
configure:5104: checking if the linker (/Applications/Xcode.app/Contents/Developer/Toolchains/XcodeDefault.xctoolchain/usr/bin/ld) is GNU ld
configure:5119: result: no
configure:5131: checking for BSD- or MS-compatible name lister (nm)
configure:5185: result: /usr/bin/nm -B
configure:5315: checking the name lister (/usr/bin/nm -B) interface
configure:5322: gcc -c -g -O2 -g -std=gnu89 -pedantic -Wall -Wextra -Wno-unused-parameter  conftest.c >&5
configure:5325: /usr/bin/nm -B "conftest.o"
configure:5328: output
00000000000001f4 S _some_variable
configure:5335: result: BSD nm
configure:5338: checking whether ln -s works
configure:5342: result: yes
configure:5350: checking the maximum length of command line arguments
configure:5481: result: 196608
configure:5529: checking how to convert x86_64-apple-darwin15.6.0 file names to x86_64-apple-darwin15.6.0 format
configure:5569: result: func_convert_file_noop
configure:5576: checking how to convert x86_64-apple-darwin15.6.0 file names to toolchain format
configure:5596: result: func_convert_file_noop
configure:5603: checking for /Applications/Xcode.app/Contents/Developer/Toolchains/XcodeDefault.xctoolchain/usr/bin/ld option to reload object files
configure:5610: result: -r
configure:5684: checking for objdump
configure:5714: result: no
configure:5743: checking how to recognize dependent libraries
configure:5943: result: pass_all
configure:6028: checking for dlltool
configure:6058: result: no
configure:6088: checking how to associate runtime and link libraries
configure:6115: result: printf %s\n
configure:6239: checking for archiver @FILE support
configure:6256: gcc -c -g -O2 -g -std=gnu89 -pedantic -Wall -Wextra -Wno-unused-parameter  conftest.c >&5
configure:6256: $? = 0
configure:6259: ar cru libconftest.a @conftest.lst >&5
ar: @conftest.lst: No such file or directory
configure:6262: $? = 1
configure:6282: result: no
configure:6340: checking for strip
configure:6356: found /usr/bin/strip
configure:6367: result: strip
configure:6439: checking for ranlib
configure:6455: found /usr/bin/ranlib
configure:6466: result: ranlib
configure:6568: checking command to parse /usr/bin/nm -B output from gcc object
configure:6721: gcc -c -g -O2 -g -std=gnu89 -pedantic -Wall -Wextra -Wno-unused-parameter  conftest.c >&5
configure:6724: $? = 0
configure:6728: /usr/bin/nm -B conftest.o \| sed -n -e 's/^.*[ ]\([BCDEGRST][BCDEGRST]*\)[ ][ ]*\([_A-Za-z][_A-Za-z0-9]*\)$/\1 \2 \2/p' | sed '/ __gnu_lto/d' \> conftest.nm
configure:6731: $? = 0
cannot find nm_test_var in conftest.nm
configure:6721: gcc -c -g -O2 -g -std=gnu89 -pedantic -Wall -Wextra -Wno-unused-parameter  conftest.c >&5
configure:6724: $? = 0
configure:6728: /usr/bin/nm -B conftest.o \| sed -n -e 's/^.*[ ]\([BCDEGRST][BCDEGRST]*\)[ ][ ]*_\([_A-Za-z][_A-Za-z0-9]*\)$/\1 _\2 \2/p' | sed '/ __gnu_lto/d' \> conftest.nm
configure:6731: $? = 0
configure:6797: gcc -o conftest -g -O2 -g -std=gnu89 -pedantic -Wall -Wextra -Wno-unused-parameter   conftest.c conftstm.o >&5
warning: (x86_64)  could not find object file symbol for symbol _main
configure:6800: $? = 0
configure:6838: result: ok
configure:6885: checking for sysroot
configure:6915: result: no
configure:6922: checking for a working dd
configure:6960: result: /bin/dd
configure:6964: checking how to truncate binary pipes
configure:6979: result: /bin/dd bs=4096 count=1
configure:7308: checking for mt
configure:7338: result: no
configure:7358: checking if : is a manifest tool
configure:7364: : '-?'
configure:7372: result: no
configure:7428: checking for dsymutil
configure:7444: found /usr/bin/dsymutil
configure:7455: result: dsymutil
configure:7520: checking for nmedit
configure:7536: found /usr/bin/nmedit
configure:7547: result: nmedit
configure:7612: checking for lipo
configure:7628: found /usr/bin/lipo
configure:7639: result: lipo
configure:7704: checking for otool
configure:7720: found /usr/bin/otool
configure:7731: result: otool
configure:7796: checking for otool64
configure:7826: result: no
configure:7871: checking for -single_module linker flag
gcc -g -O2 -g -std=gnu89 -pedantic -Wall -Wextra -Wno-unused-parameter  -o libconftest.dylib -dynamiclib -Wl,-single_module conftest.c
configure:7904: result: yes
configure:7907: checking for -exported_symbols_list linker flag
configure:7927: gcc -o conftest -g -O2 -g -std=gnu89 -pedantic -Wall -Wextra -Wno-unused-parameter   -Wl,-exported_symbols_list,conftest.sym conftest.c  >&5
configure:7927: $? = 0
configure:7937: result: yes
configure:7940: checking for -force_load linker flag
gcc -g -O2 -g -std=gnu89 -pedantic -Wall -Wextra -Wno-unused-parameter -c -o conftest.o conftest.c
ar cru libconftest.a conftest.o
ranlib libconftest.a
gcc -g -O2 -g -std=gnu89 -pedantic -Wall -Wextra -Wno-unused-parameter  -o conftest conftest.c -Wl,-force_load,./libconftest.a
configure:7972: result: yes
configure:8049: checking how to run the C preprocessor
configure:8080: gcc -E  conftest.c
configure:8080: $? = 0
configure:8094: gcc -E  conftest.c
conftest.c:12:10: fatal error: 'ac_nonexistent.h' file not found
#include <ac_nonexistent.h>
         ^
1 error generated.
configure:8094: $? = 1
configure: failed program was:
| /* confdefs.h */
| #define PACKAGE_NAME "libuv"
| #define PACKAGE_TARNAME "libuv"
| #define PACKAGE_VERSION "1.9.1"
| #define PACKAGE_STRING "libuv 1.9.1"
| #define PACKAGE_BUGREPORT "https://github.com/libuv/libuv/issues"
| #define PACKAGE_URL ""
| #define PACKAGE "libuv"
| #define VERSION "1.9.1"
| #define SUPPORT_FLAG_VISIBILITY 1
| /* end confdefs.h.  */
| #include <ac_nonexistent.h>
configure:8119: result: gcc -E
configure:8139: gcc -E  conftest.c
configure:8139: $? = 0
configure:8153: gcc -E  conftest.c
conftest.c:12:10: fatal error: 'ac_nonexistent.h' file not found
#include <ac_nonexistent.h>
         ^
1 error generated.
configure:8153: $? = 1
configure: failed program was:
| /* confdefs.h */
| #define PACKAGE_NAME "libuv"
| #define PACKAGE_TARNAME "libuv"
| #define PACKAGE_VERSION "1.9.1"
| #define PACKAGE_STRING "libuv 1.9.1"
| #define PACKAGE_BUGREPORT "https://github.com/libuv/libuv/issues"
| #define PACKAGE_URL ""
| #define PACKAGE "libuv"
| #define VERSION "1.9.1"
| #define SUPPORT_FLAG_VISIBILITY 1
| /* end confdefs.h.  */
| #include <ac_nonexistent.h>
configure:8182: checking for ANSI C header files
configure:8202: gcc -c -g -O2 -g -std=gnu89 -pedantic -Wall -Wextra -Wno-unused-parameter  conftest.c >&5
configure:8202: $? = 0
configure:8275: gcc -o conftest -g -O2 -g -std=gnu89 -pedantic -Wall -Wextra -Wno-unused-parameter   conftest.c  >&5
configure:8275: $? = 0
configure:8275: ./conftest
configure:8275: $? = 0
configure:8286: result: yes
configure:8299: checking for sys/types.h
configure:8299: gcc -c -g -O2 -g -std=gnu89 -pedantic -Wall -Wextra -Wno-unused-parameter  conftest.c >&5
configure:8299: $? = 0
configure:8299: result: yes
configure:8299: checking for sys/stat.h
configure:8299: gcc -c -g -O2 -g -std=gnu89 -pedantic -Wall -Wextra -Wno-unused-parameter  conftest.c >&5
configure:8299: $? = 0
configure:8299: result: yes
configure:8299: checking for stdlib.h
configure:8299: gcc -c -g -O2 -g -std=gnu89 -pedantic -Wall -Wextra -Wno-unused-parameter  conftest.c >&5
configure:8299: $? = 0
configure:8299: result: yes
configure:8299: checking for string.h
configure:8299: gcc -c -g -O2 -g -std=gnu89 -pedantic -Wall -Wextra -Wno-unused-parameter  conftest.c >&5
configure:8299: $? = 0
configure:8299: result: yes
configure:8299: checking for memory.h
configure:8299: gcc -c -g -O2 -g -std=gnu89 -pedantic -Wall -Wextra -Wno-unused-parameter  conftest.c >&5
configure:8299: $? = 0
configure:8299: result: yes
configure:8299: checking for strings.h
configure:8299: gcc -c -g -O2 -g -std=gnu89 -pedantic -Wall -Wextra -Wno-unused-parameter  conftest.c >&5
configure:8299: $? = 0
configure:8299: result: yes
configure:8299: checking for inttypes.h
configure:8299: gcc -c -g -O2 -g -std=gnu89 -pedantic -Wall -Wextra -Wno-unused-parameter  conftest.c >&5
configure:8299: $? = 0
configure:8299: result: yes
configure:8299: checking for stdint.h
configure:8299: gcc -c -g -O2 -g -std=gnu89 -pedantic -Wall -Wextra -Wno-unused-parameter  conftest.c >&5
configure:8299: $? = 0
configure:8299: result: yes
configure:8299: checking for unistd.h
configure:8299: gcc -c -g -O2 -g -std=gnu89 -pedantic -Wall -Wextra -Wno-unused-parameter  conftest.c >&5
configure:8299: $? = 0
configure:8299: result: yes
configure:8313: checking for dlfcn.h
configure:8313: gcc -c -g -O2 -g -std=gnu89 -pedantic -Wall -Wextra -Wno-unused-parameter  conftest.c >&5
configure:8313: $? = 0
configure:8313: result: yes
configure:8509: checking for objdir
configure:8524: result: .libs
configure:8788: checking if gcc supports -fno-rtti -fno-exceptions
configure:8806: gcc -c -g -O2 -g -std=gnu89 -pedantic -Wall -Wextra -Wno-unused-parameter  -fno-rtti -fno-exceptions conftest.c >&5
configure:8810: $? = 0
configure:8823: result: yes
configure:9181: checking for gcc option to produce PIC
configure:9188: result: -fno-common -DPIC
configure:9196: checking if gcc PIC flag -fno-common -DPIC works
configure:9214: gcc -c -g -O2 -g -std=gnu89 -pedantic -Wall -Wextra -Wno-unused-parameter  -fno-common -DPIC -DPIC conftest.c >&5
configure:9218: $? = 0
configure:9231: result: yes
configure:9260: checking if gcc static flag -static works
configure:9288: result: no
configure:9303: checking if gcc supports -c -o file.o
configure:9324: gcc -c -g -O2 -g -std=gnu89 -pedantic -Wall -Wextra -Wno-unused-parameter  -o out/conftest2.o conftest.c >&5
configure:9328: $? = 0
configure:9350: result: yes
configure:9358: checking if gcc supports -c -o file.o
configure:9405: result: yes
configure:9438: checking whether the gcc linker (/Applications/Xcode.app/Contents/Developer/Toolchains/XcodeDefault.xctoolchain/usr/bin/ld) supports shared libraries
configure:10697: result: yes
configure:10937: checking dynamic linker characteristics
configure:11755: result: darwin15.6.0 dyld
configure:11877: checking how to hardcode library paths into programs
configure:11902: result: immediate
configure:12450: checking whether stripping libraries is possible
configure:12464: result: yes
configure:12490: checking if libtool supports shared libraries
configure:12492: result: yes
configure:12495: checking whether to build shared libraries
configure:12520: result: yes
configure:12523: checking whether to build static libraries
configure:12527: result: yes
configure:12575: checking whether make supports nested variables
configure:12592: result: yes
configure:12605: checking for dlopen in -ldl
configure:12630: gcc -o conftest -g -O2 -g -std=gnu89 -pedantic -Wall -Wextra -Wno-unused-parameter   conftest.c -ldl   >&5
configure:12630: $? = 0
configure:12639: result: yes
configure:12650: checking for kstat_lookup in -lkstat
configure:12675: gcc -o conftest -g -O2 -g -std=gnu89 -pedantic -Wall -Wextra -Wno-unused-parameter   conftest.c -lkstat  -ldl  >&5
ld: library not found for -lkstat
clang: error: linker command failed with exit code 1 (use -v to see invocation)
configure:12675: $? = 1
configure: failed program was:
| /* confdefs.h */
| #define PACKAGE_NAME "libuv"
| #define PACKAGE_TARNAME "libuv"
| #define PACKAGE_VERSION "1.9.1"
| #define PACKAGE_STRING "libuv 1.9.1"
| #define PACKAGE_BUGREPORT "https://github.com/libuv/libuv/issues"
| #define PACKAGE_URL ""
| #define PACKAGE "libuv"
| #define VERSION "1.9.1"
| #define SUPPORT_FLAG_VISIBILITY 1
| #define STDC_HEADERS 1
| #define HAVE_SYS_TYPES_H 1
| #define HAVE_SYS_STAT_H 1
| #define HAVE_STDLIB_H 1
| #define HAVE_STRING_H 1
| #define HAVE_MEMORY_H 1
| #define HAVE_STRINGS_H 1
| #define HAVE_INTTYPES_H 1
| #define HAVE_STDINT_H 1
| #define HAVE_UNISTD_H 1
| #define HAVE_DLFCN_H 1
| #define LT_OBJDIR ".libs/"
| #define HAVE_LIBDL 1
| /* end confdefs.h.  */
| 
| /* Override any GCC internal prototype to avoid an error.
|    Use char because int might match the return type of a GCC
|    builtin and then its argument prototype would still apply.  */
| #ifdef __cplusplus
| extern "C"
| #endif
| char kstat_lookup ();
| int
| main ()
| {
| return kstat_lookup ();
|   ;
|   return 0;
| }
configure:12684: result: no
configure:12695: checking for kvm_open in -lkvm
configure:12720: gcc -o conftest -g -O2 -g -std=gnu89 -pedantic -Wall -Wextra -Wno-unused-parameter   conftest.c -lkvm  -ldl  >&5
ld: library not found for -lkvm
clang: error: linker command failed with exit code 1 (use -v to see invocation)
configure:12720: $? = 1
configure: failed program was:
| /* confdefs.h */
| #define PACKAGE_NAME "libuv"
| #define PACKAGE_TARNAME "libuv"
| #define PACKAGE_VERSION "1.9.1"
| #define PACKAGE_STRING "libuv 1.9.1"
| #define PACKAGE_BUGREPORT "https://github.com/libuv/libuv/issues"
| #define PACKAGE_URL ""
| #define PACKAGE "libuv"
| #define VERSION "1.9.1"
| #define SUPPORT_FLAG_VISIBILITY 1
| #define STDC_HEADERS 1
| #define HAVE_SYS_TYPES_H 1
| #define HAVE_SYS_STAT_H 1
| #define HAVE_STDLIB_H 1
| #define HAVE_STRING_H 1
| #define HAVE_MEMORY_H 1
| #define HAVE_STRINGS_H 1
| #define HAVE_INTTYPES_H 1
| #define HAVE_STDINT_H 1
| #define HAVE_UNISTD_H 1
| #define HAVE_DLFCN_H 1
| #define LT_OBJDIR ".libs/"
| #define HAVE_LIBDL 1
| /* end confdefs.h.  */
| 
| /* Override any GCC internal prototype to avoid an error.
|    Use char because int might match the return type of a GCC
|    builtin and then its argument prototype would still apply.  */
| #ifdef __cplusplus
| extern "C"
| #endif
| char kvm_open ();
| int
| main ()
| {
| return kvm_open ();
|   ;
|   return 0;
| }
configure:12729: result: no
configure:12740: checking for gethostbyname in -lnsl
configure:12765: gcc -o conftest -g -O2 -g -std=gnu89 -pedantic -Wall -Wextra -Wno-unused-parameter   conftest.c -lnsl  -ldl  >&5
ld: library not found for -lnsl
clang: error: linker command failed with exit code 1 (use -v to see invocation)
configure:12765: $? = 1
configure: failed program was:
| /* confdefs.h */
| #define PACKAGE_NAME "libuv"
| #define PACKAGE_TARNAME "libuv"
| #define PACKAGE_VERSION "1.9.1"
| #define PACKAGE_STRING "libuv 1.9.1"
| #define PACKAGE_BUGREPORT "https://github.com/libuv/libuv/issues"
| #define PACKAGE_URL ""
| #define PACKAGE "libuv"
| #define VERSION "1.9.1"
| #define SUPPORT_FLAG_VISIBILITY 1
| #define STDC_HEADERS 1
| #define HAVE_SYS_TYPES_H 1
| #define HAVE_SYS_STAT_H 1
| #define HAVE_STDLIB_H 1
| #define HAVE_STRING_H 1
| #define HAVE_MEMORY_H 1
| #define HAVE_STRINGS_H 1
| #define HAVE_INTTYPES_H 1
| #define HAVE_STDINT_H 1
| #define HAVE_UNISTD_H 1
| #define HAVE_DLFCN_H 1
| #define LT_OBJDIR ".libs/"
| #define HAVE_LIBDL 1
| /* end confdefs.h.  */
| 
| /* Override any GCC internal prototype to avoid an error.
|    Use char because int might match the return type of a GCC
|    builtin and then its argument prototype would still apply.  */
| #ifdef __cplusplus
| extern "C"
| #endif
| char gethostbyname ();
| int
| main ()
| {
| return gethostbyname ();
|   ;
|   return 0;
| }
configure:12774: result: no
configure:12785: checking for perfstat_cpu in -lperfstat
configure:12810: gcc -o conftest -g -O2 -g -std=gnu89 -pedantic -Wall -Wextra -Wno-unused-parameter   conftest.c -lperfstat  -ldl  >&5
ld: library not found for -lperfstat
clang: error: linker command failed with exit code 1 (use -v to see invocation)
configure:12810: $? = 1
configure: failed program was:
| /* confdefs.h */
| #define PACKAGE_NAME "libuv"
| #define PACKAGE_TARNAME "libuv"
| #define PACKAGE_VERSION "1.9.1"
| #define PACKAGE_STRING "libuv 1.9.1"
| #define PACKAGE_BUGREPORT "https://github.com/libuv/libuv/issues"
| #define PACKAGE_URL ""
| #define PACKAGE "libuv"
| #define VERSION "1.9.1"
| #define SUPPORT_FLAG_VISIBILITY 1
| #define STDC_HEADERS 1
| #define HAVE_SYS_TYPES_H 1
| #define HAVE_SYS_STAT_H 1
| #define HAVE_STDLIB_H 1
| #define HAVE_STRING_H 1
| #define HAVE_MEMORY_H 1
| #define HAVE_STRINGS_H 1
| #define HAVE_INTTYPES_H 1
| #define HAVE_STDINT_H 1
| #define HAVE_UNISTD_H 1
| #define HAVE_DLFCN_H 1
| #define LT_OBJDIR ".libs/"
| #define HAVE_LIBDL 1
| /* end confdefs.h.  */
| 
| /* Override any GCC internal prototype to avoid an error.
|    Use char because int might match the return type of a GCC
|    builtin and then its argument prototype would still apply.  */
| #ifdef __cplusplus
| extern "C"
| #endif
| char perfstat_cpu ();
| int
| main ()
| {
| return perfstat_cpu ();
|   ;
|   return 0;
| }
configure:12819: result: no
configure:12830: checking for pthread_mutex_init in -lpthread
configure:12855: gcc -o conftest -g -O2 -g -std=gnu89 -pedantic -Wall -Wextra -Wno-unused-parameter   conftest.c -lpthread  -ldl  >&5
configure:12855: $? = 0
configure:12864: result: yes
configure:12875: checking for clock_gettime in -lrt
configure:12900: gcc -o conftest -g -O2 -g -std=gnu89 -pedantic -Wall -Wextra -Wno-unused-parameter   conftest.c -lrt  -lpthread -ldl  >&5
ld: library not found for -lrt
clang: error: linker command failed with exit code 1 (use -v to see invocation)
configure:12900: $? = 1
configure: failed program was:
| /* confdefs.h */
| #define PACKAGE_NAME "libuv"
| #define PACKAGE_TARNAME "libuv"
| #define PACKAGE_VERSION "1.9.1"
| #define PACKAGE_STRING "libuv 1.9.1"
| #define PACKAGE_BUGREPORT "https://github.com/libuv/libuv/issues"
| #define PACKAGE_URL ""
| #define PACKAGE "libuv"
| #define VERSION "1.9.1"
| #define SUPPORT_FLAG_VISIBILITY 1
| #define STDC_HEADERS 1
| #define HAVE_SYS_TYPES_H 1
| #define HAVE_SYS_STAT_H 1
| #define HAVE_STDLIB_H 1
| #define HAVE_STRING_H 1
| #define HAVE_MEMORY_H 1
| #define HAVE_STRINGS_H 1
| #define HAVE_INTTYPES_H 1
| #define HAVE_STDINT_H 1
| #define HAVE_UNISTD_H 1
| #define HAVE_DLFCN_H 1
| #define LT_OBJDIR ".libs/"
| #define HAVE_LIBDL 1
| #define HAVE_LIBPTHREAD 1
| /* end confdefs.h.  */
| 
| /* Override any GCC internal prototype to avoid an error.
|    Use char because int might match the return type of a GCC
|    builtin and then its argument prototype would still apply.  */
| #ifdef __cplusplus
| extern "C"
| #endif
| char clock_gettime ();
| int
| main ()
| {
| return clock_gettime ();
|   ;
|   return 0;
| }
configure:12909: result: no
configure:12920: checking for sendfile in -lsendfile
configure:12945: gcc -o conftest -g -O2 -g -std=gnu89 -pedantic -Wall -Wextra -Wno-unused-parameter   conftest.c -lsendfile  -lpthread -ldl  >&5
ld: library not found for -lsendfile
clang: error: linker command failed with exit code 1 (use -v to see invocation)
configure:12945: $? = 1
configure: failed program was:
| /* confdefs.h */
| #define PACKAGE_NAME "libuv"
| #define PACKAGE_TARNAME "libuv"
| #define PACKAGE_VERSION "1.9.1"
| #define PACKAGE_STRING "libuv 1.9.1"
| #define PACKAGE_BUGREPORT "https://github.com/libuv/libuv/issues"
| #define PACKAGE_URL ""
| #define PACKAGE "libuv"
| #define VERSION "1.9.1"
| #define SUPPORT_FLAG_VISIBILITY 1
| #define STDC_HEADERS 1
| #define HAVE_SYS_TYPES_H 1
| #define HAVE_SYS_STAT_H 1
| #define HAVE_STDLIB_H 1
| #define HAVE_STRING_H 1
| #define HAVE_MEMORY_H 1
| #define HAVE_STRINGS_H 1
| #define HAVE_INTTYPES_H 1
| #define HAVE_STDINT_H 1
| #define HAVE_UNISTD_H 1
| #define HAVE_DLFCN_H 1
| #define LT_OBJDIR ".libs/"
| #define HAVE_LIBDL 1
| #define HAVE_LIBPTHREAD 1
| /* end confdefs.h.  */
| 
| /* Override any GCC internal prototype to avoid an error.
|    Use char because int might match the return type of a GCC
|    builtin and then its argument prototype would still apply.  */
| #ifdef __cplusplus
| extern "C"
| #endif
| char sendfile ();
| int
| main ()
| {
| return sendfile ();
|   ;
|   return 0;
| }
configure:12954: result: no
configure:12965: checking for socket in -lsocket
configure:12990: gcc -o conftest -g -O2 -g -std=gnu89 -pedantic -Wall -Wextra -Wno-unused-parameter   conftest.c -lsocket  -lpthread -ldl  >&5
ld: library not found for -lsocket
clang: error: linker command failed with exit code 1 (use -v to see invocation)
configure:12990: $? = 1
configure: failed program was:
| /* confdefs.h */
| #define PACKAGE_NAME "libuv"
| #define PACKAGE_TARNAME "libuv"
| #define PACKAGE_VERSION "1.9.1"
| #define PACKAGE_STRING "libuv 1.9.1"
| #define PACKAGE_BUGREPORT "https://github.com/libuv/libuv/issues"
| #define PACKAGE_URL ""
| #define PACKAGE "libuv"
| #define VERSION "1.9.1"
| #define SUPPORT_FLAG_VISIBILITY 1
| #define STDC_HEADERS 1
| #define HAVE_SYS_TYPES_H 1
| #define HAVE_SYS_STAT_H 1
| #define HAVE_STDLIB_H 1
| #define HAVE_STRING_H 1
| #define HAVE_MEMORY_H 1
| #define HAVE_STRINGS_H 1
| #define HAVE_INTTYPES_H 1
| #define HAVE_STDINT_H 1
| #define HAVE_UNISTD_H 1
| #define HAVE_DLFCN_H 1
| #define LT_OBJDIR ".libs/"
| #define HAVE_LIBDL 1
| #define HAVE_LIBPTHREAD 1
| /* end confdefs.h.  */
| 
| /* Override any GCC internal prototype to avoid an error.
|    Use char because int might match the return type of a GCC
|    builtin and then its argument prototype would still apply.  */
| #ifdef __cplusplus
| extern "C"
| #endif
| char socket ();
| int
| main ()
| {
| return socket ();
|   ;
|   return 0;
| }
configure:12999: result: no
configure:13017: checking for special C compiler options needed for large files
configure:13062: result: no
configure:13068: checking for _FILE_OFFSET_BITS value needed for large files
configure:13093: gcc -c -g -O2 -g -std=gnu89 -pedantic -Wall -Wextra -Wno-unused-parameter  conftest.c >&5
configure:13093: $? = 0
configure:13125: result: no
configure:13327: checking sys/ahafs_evProds.h usability
configure:13327: gcc -c -g -O2 -g -std=gnu89 -pedantic -Wall -Wextra -Wno-unused-parameter  conftest.c >&5
conftest.c:59:10: fatal error: 'sys/ahafs_evProds.h' file not found
#include <sys/ahafs_evProds.h>
         ^
1 error generated.
configure:13327: $? = 1
configure: failed program was:
| /* confdefs.h */
| #define PACKAGE_NAME "libuv"
| #define PACKAGE_TARNAME "libuv"
| #define PACKAGE_VERSION "1.9.1"
| #define PACKAGE_STRING "libuv 1.9.1"
| #define PACKAGE_BUGREPORT "https://github.com/libuv/libuv/issues"
| #define PACKAGE_URL ""
| #define PACKAGE "libuv"
| #define VERSION "1.9.1"
| #define SUPPORT_FLAG_VISIBILITY 1
| #define STDC_HEADERS 1
| #define HAVE_SYS_TYPES_H 1
| #define HAVE_SYS_STAT_H 1
| #define HAVE_STDLIB_H 1
| #define HAVE_STRING_H 1
| #define HAVE_MEMORY_H 1
| #define HAVE_STRINGS_H 1
| #define HAVE_INTTYPES_H 1
| #define HAVE_STDINT_H 1
| #define HAVE_UNISTD_H 1
| #define HAVE_DLFCN_H 1
| #define LT_OBJDIR ".libs/"
| #define HAVE_LIBDL 1
| #define HAVE_LIBPTHREAD 1
| /* end confdefs.h.  */
| #include <stdio.h>
| #ifdef HAVE_SYS_TYPES_H
| # include <sys/types.h>
| #endif
| #ifdef HAVE_SYS_STAT_H
| # include <sys/stat.h>
| #endif
| #ifdef STDC_HEADERS
| # include <stdlib.h>
| # include <stddef.h>
| #else
| # ifdef HAVE_STDLIB_H
| #  include <stdlib.h>
| # endif
| #endif
| #ifdef HAVE_STRING_H
| # if !defined STDC_HEADERS && defined HAVE_MEMORY_H
| #  include <memory.h>
| # endif
| # include <string.h>
| #endif
| #ifdef HAVE_STRINGS_H
| # include <strings.h>
| #endif
| #ifdef HAVE_INTTYPES_H
| # include <inttypes.h>
| #endif
| #ifdef HAVE_STDINT_H
| # include <stdint.h>
| #endif
| #ifdef HAVE_UNISTD_H
| # include <unistd.h>
| #endif
| #include <sys/ahafs_evProds.h>
configure:13327: result: no
configure:13327: checking sys/ahafs_evProds.h presence
configure:13327: gcc -E  conftest.c
conftest.c:26:10: fatal error: 'sys/ahafs_evProds.h' file not found
#include <sys/ahafs_evProds.h>
         ^
1 error generated.
configure:13327: $? = 1
configure: failed program was:
| /* confdefs.h */
| #define PACKAGE_NAME "libuv"
| #define PACKAGE_TARNAME "libuv"
| #define PACKAGE_VERSION "1.9.1"
| #define PACKAGE_STRING "libuv 1.9.1"
| #define PACKAGE_BUGREPORT "https://github.com/libuv/libuv/issues"
| #define PACKAGE_URL ""
| #define PACKAGE "libuv"
| #define VERSION "1.9.1"
| #define SUPPORT_FLAG_VISIBILITY 1
| #define STDC_HEADERS 1
| #define HAVE_SYS_TYPES_H 1
| #define HAVE_SYS_STAT_H 1
| #define HAVE_STDLIB_H 1
| #define HAVE_STRING_H 1
| #define HAVE_MEMORY_H 1
| #define HAVE_STRINGS_H 1
| #define HAVE_INTTYPES_H 1
| #define HAVE_STDINT_H 1
| #define HAVE_UNISTD_H 1
| #define HAVE_DLFCN_H 1
| #define LT_OBJDIR ".libs/"
| #define HAVE_LIBDL 1
| #define HAVE_LIBPTHREAD 1
| /* end confdefs.h.  */
| #include <sys/ahafs_evProds.h>
configure:13327: result: no
configure:13327: checking for sys/ahafs_evProds.h
configure:13327: result: no
configure:13339: checking for pkg-config
configure:13355: found /usr/local/bin/pkg-config
configure:13366: result: yes
configure:13535: checking that generated files are newer than configure
configure:13541: result: done
configure:13608: creating ./config.status

## ---------------------- ##
## Running config.status. ##
## ---------------------- ##

This file was extended by libuv config.status 1.9.1, which was
generated by GNU Autoconf 2.69.  Invocation command line was

  CONFIG_FILES    = 
  CONFIG_HEADERS  = 
  CONFIG_LINKS    = 
  CONFIG_COMMANDS = 
  $ ./config.status 

on fengwenbindeMacBook-Pro.local

config.status:1024: creating libuv.pc
config.status:1024: creating Makefile
config.status:1196: executing depfiles commands
config.status:1196: executing libtool commands

## ---------------- ##
## Cache variables. ##
## ---------------- ##

ac_cv_build=x86_64-apple-darwin15.6.0
ac_cv_c_compiler_gnu=yes
ac_cv_env_CC_set=
ac_cv_env_CC_value=
ac_cv_env_CFLAGS_set=
ac_cv_env_CFLAGS_value=
ac_cv_env_CPPFLAGS_set=
ac_cv_env_CPPFLAGS_value=
ac_cv_env_CPP_set=
ac_cv_env_CPP_value=
ac_cv_env_LDFLAGS_set=
ac_cv_env_LDFLAGS_value=
ac_cv_env_LIBS_set=
ac_cv_env_LIBS_value=
ac_cv_env_LT_SYS_LIBRARY_PATH_set=
ac_cv_env_LT_SYS_LIBRARY_PATH_value=
ac_cv_env_build_alias_set=
ac_cv_env_build_alias_value=
ac_cv_env_host_alias_set=
ac_cv_env_host_alias_value=
ac_cv_env_target_alias_set=
ac_cv_env_target_alias_value=
ac_cv_header_dlfcn_h=yes
ac_cv_header_inttypes_h=yes
ac_cv_header_memory_h=yes
ac_cv_header_stdc=yes
ac_cv_header_stdint_h=yes
ac_cv_header_stdlib_h=yes
ac_cv_header_string_h=yes
ac_cv_header_strings_h=yes
ac_cv_header_sys_ahafs_evProds_h=no
ac_cv_header_sys_stat_h=yes
ac_cv_header_sys_types_h=yes
ac_cv_header_unistd_h=yes
ac_cv_host=x86_64-apple-darwin15.6.0
ac_cv_lib_dl_dlopen=yes
ac_cv_lib_kstat_kstat_lookup=no
ac_cv_lib_kvm_kvm_open=no
ac_cv_lib_nsl_gethostbyname=no
ac_cv_lib_perfstat_perfstat_cpu=no
ac_cv_lib_pthread_pthread_mutex_init=yes
ac_cv_lib_rt_clock_gettime=no
ac_cv_lib_sendfile_sendfile=no
ac_cv_lib_socket_socket=no
ac_cv_objext=o
ac_cv_path_EGREP='/usr/bin/grep -E'
ac_cv_path_FGREP='/usr/bin/grep -F'
ac_cv_path_GREP=/usr/bin/grep
ac_cv_path_SED=/usr/bin/sed
ac_cv_path_install='/usr/bin/install -c'
ac_cv_path_lt_DD=/bin/dd
ac_cv_prog_AWK=awk
ac_cv_prog_CPP='gcc -E'
ac_cv_prog_PKG_CONFIG=yes
ac_cv_prog_ac_ct_AR=ar
ac_cv_prog_ac_ct_CC=gcc
ac_cv_prog_ac_ct_DSYMUTIL=dsymutil
ac_cv_prog_ac_ct_LIPO=lipo
ac_cv_prog_ac_ct_NMEDIT=nmedit
ac_cv_prog_ac_ct_OTOOL=otool
ac_cv_prog_ac_ct_RANLIB=ranlib
ac_cv_prog_ac_ct_STRIP=strip
ac_cv_prog_cc_c89=
ac_cv_prog_cc_g=yes
ac_cv_prog_make_make_set=yes
ac_cv_sys_file_offset_bits=no
ac_cv_sys_largefile_CC=no
am_cv_CC_dependencies_compiler_type=gcc3
am_cv_ar_interface=ar
am_cv_make_support_nested_variables=yes
am_cv_prog_cc_c_o=yes
cc_cv_cflags__Wall=yes
cc_cv_cflags__Werror=yes
cc_cv_cflags__Wextra=yes
cc_cv_cflags__Wno_unused_parameter=yes
cc_cv_cflags__fvisibility_hidden=yes
cc_cv_cflags__g=yes
cc_cv_cflags__pedantic=yes
cc_cv_cflags__std_gnu89=yes
cc_cv_flag_visibility=yes
cc_cv_werror=-Werror
lt_cv_apple_cc_single_mod=yes
lt_cv_ar_at_file=no
lt_cv_deplibs_check_method=pass_all
lt_cv_file_magic_cmd='$MAGIC_CMD'
lt_cv_file_magic_test_file=
lt_cv_ld_exported_symbols_list=yes
lt_cv_ld_force_load=yes
lt_cv_ld_reload_flag=-r
lt_cv_nm_interface='BSD nm'
lt_cv_objdir=.libs
lt_cv_path_LD=/Applications/Xcode.app/Contents/Developer/Toolchains/XcodeDefault.xctoolchain/usr/bin/ld
lt_cv_path_NM='/usr/bin/nm -B'
lt_cv_path_mainfest_tool=no
lt_cv_prog_compiler_c_o=yes
lt_cv_prog_compiler_pic='-fno-common -DPIC'
lt_cv_prog_compiler_pic_works=yes
lt_cv_prog_compiler_rtti_exceptions=yes
lt_cv_prog_compiler_static_works=no
lt_cv_prog_gnu_ld=no
lt_cv_sharedlib_from_linklib_cmd='printf %s\n'
lt_cv_sys_global_symbol_pipe='sed -n -e '\''s/^.*[	 ]\([BCDEGRST][BCDEGRST]*\)[	 ][	 ]*_\([_A-Za-z][_A-Za-z0-9]*\)$/\1 _\2 \2/p'\'' | sed '\''/ __gnu_lto/d'\'''
lt_cv_sys_global_symbol_to_c_name_address='sed -n -e '\''s/^: \(.*\) .*$/  {"\1", (void *) 0},/p'\'' -e '\''s/^[BCDEGRST][BCDEGRST]* .* \(.*\)$/  {"\1", (void *) \&\1},/p'\'''
lt_cv_sys_global_symbol_to_c_name_address_lib_prefix='sed -n -e '\''s/^: \(.*\) .*$/  {"\1", (void *) 0},/p'\'' -e '\''s/^[BCDEGRST][BCDEGRST]* .* \(lib.*\)$/  {"\1", (void *) \&\1},/p'\'' -e '\''s/^[BCDEGRST][BCDEGRST]* .* \(.*\)$/  {"lib\1", (void *) \&\1},/p'\'''
lt_cv_sys_global_symbol_to_cdecl='sed -n -e '\''s/^T .* \(.*\)$/extern int \1();/p'\'' -e '\''s/^[BCDEGRST][BCDEGRST]* .* \(.*\)$/extern char \1;/p'\'''
lt_cv_sys_global_symbol_to_import=
lt_cv_sys_max_cmd_len=196608
lt_cv_to_host_file_cmd=func_convert_file_noop
lt_cv_to_tool_file_cmd=func_convert_file_noop
lt_cv_truncate_bin='/bin/dd bs=4096 count=1'

## ----------------- ##
## Output variables. ##
## ----------------- ##

ACLOCAL='${SHELL} /Users/Kelvin/workspace/libuv/libuv/missing aclocal-1.15'
AIX_FALSE=''
AIX_TRUE='#'
AMDEPBACKSLASH='\'
AMDEP_FALSE='#'
AMDEP_TRUE=''
AMTAR='$${TAR-tar}'
AM_BACKSLASH='\'
AM_DEFAULT_V='$(AM_DEFAULT_VERBOSITY)'
AM_DEFAULT_VERBOSITY='0'
AM_V='$(V)'
ANDROID_FALSE=''
ANDROID_TRUE='#'
AR='ar'
AUTOCONF='${SHELL} /Users/Kelvin/workspace/libuv/libuv/missing autoconf'
AUTOHEADER='${SHELL} /Users/Kelvin/workspace/libuv/libuv/missing autoheader'
AUTOMAKE='${SHELL} /Users/Kelvin/workspace/libuv/libuv/missing automake-1.15'
AWK='awk'
CC='gcc'
CCDEPMODE='depmode=gcc3'
CFLAGS='-g -O2 -g -std=gnu89 -pedantic -Wall -Wextra -Wno-unused-parameter'
CPP='gcc -E'
CPPFLAGS=''
CYGPATH_W='echo'
DARWIN_FALSE='#'
DARWIN_TRUE=''
DEFS='-DPACKAGE_NAME=\"libuv\" -DPACKAGE_TARNAME=\"libuv\" -DPACKAGE_VERSION=\"1.9.1\" -DPACKAGE_STRING=\"libuv\ 1.9.1\" -DPACKAGE_BUGREPORT=\"https://github.com/libuv/libuv/issues\" -DPACKAGE_URL=\"\" -DPACKAGE=\"libuv\" -DVERSION=\"1.9.1\" -DSUPPORT_FLAG_VISIBILITY=1 -DSTDC_HEADERS=1 -DHAVE_SYS_TYPES_H=1 -DHAVE_SYS_STAT_H=1 -DHAVE_STDLIB_H=1 -DHAVE_STRING_H=1 -DHAVE_MEMORY_H=1 -DHAVE_STRINGS_H=1 -DHAVE_INTTYPES_H=1 -DHAVE_STDINT_H=1 -DHAVE_UNISTD_H=1 -DHAVE_DLFCN_H=1 -DLT_OBJDIR=\".libs/\" -DHAVE_LIBDL=1 -DHAVE_LIBPTHREAD=1'
DEPDIR='.deps'
DLLTOOL='false'
DRAGONFLY_FALSE=''
DRAGONFLY_TRUE='#'
DSYMUTIL='dsymutil'
DUMPBIN=''
ECHO_C='\c'
ECHO_N=''
ECHO_T=''
EGREP='/usr/bin/grep -E'
EXEEXT=''
FGREP='/usr/bin/grep -F'
FREEBSD_FALSE=''
FREEBSD_TRUE='#'
GREP='/usr/bin/grep'
HAVE_PKG_CONFIG_FALSE='#'
HAVE_PKG_CONFIG_TRUE=''
INSTALL_DATA='${INSTALL} -m 644'
INSTALL_PROGRAM='${INSTALL}'
INSTALL_SCRIPT='${INSTALL}'
INSTALL_STRIP_PROGRAM='$(install_sh) -c -s'
LD='/Applications/Xcode.app/Contents/Developer/Toolchains/XcodeDefault.xctoolchain/usr/bin/ld'
LDFLAGS=''
LIBOBJS=''
LIBS='-lpthread -ldl '
LIBTOOL='$(SHELL) $(top_builddir)/libtool'
LINUX_FALSE=''
LINUX_TRUE='#'
LIPO='lipo'
LN_S='ln -s'
LTLIBOBJS=''
LT_SYS_LIBRARY_PATH=''
MAKEINFO='${SHELL} /Users/Kelvin/workspace/libuv/libuv/missing makeinfo'
MANIFEST_TOOL=':'
MKDIR_P='./install-sh -c -d'
NETBSD_FALSE=''
NETBSD_TRUE='#'
NM='/usr/bin/nm -B'
NMEDIT='nmedit'
OBJDUMP='false'
OBJEXT='o'
OPENBSD_FALSE=''
OPENBSD_TRUE='#'
OTOOL64=':'
OTOOL='otool'
PACKAGE='libuv'
PACKAGE_BUGREPORT='https://github.com/libuv/libuv/issues'
PACKAGE_NAME='libuv'
PACKAGE_STRING='libuv 1.9.1'
PACKAGE_TARNAME='libuv'
PACKAGE_URL=''
PACKAGE_VERSION='1.9.1'
PATH_SEPARATOR=':'
PKG_CONFIG='yes'
RANLIB='ranlib'
SED='/usr/bin/sed'
SET_MAKE=''
SHELL='/bin/sh'
STRIP='strip'
SUNOS_FALSE=''
SUNOS_TRUE='#'
VERSION='1.9.1'
WINNT_FALSE=''
WINNT_TRUE='#'
ac_ct_AR='ar'
ac_ct_CC='gcc'
ac_ct_DUMPBIN=''
am__EXEEXT_FALSE=''
am__EXEEXT_TRUE='#'
am__fastdepCC_FALSE='#'
am__fastdepCC_TRUE=''
am__include='include'
am__isrc=''
am__leading_dot='.'
am__nodep='_no'
am__quote=''
am__tar='$${TAR-tar} chof - "$$tardir"'
am__untar='$${TAR-tar} xf -'
bindir='${exec_prefix}/bin'
build='x86_64-apple-darwin15.6.0'
build_alias=''
build_cpu='x86_64'
build_os='darwin15.6.0'
build_vendor='apple'
datadir='${datarootdir}'
datarootdir='${prefix}/share'
docdir='${datarootdir}/doc/${PACKAGE_TARNAME}'
dvidir='${docdir}'
exec_prefix='${prefix}'
host='x86_64-apple-darwin15.6.0'
host_alias=''
host_cpu='x86_64'
host_os='darwin15.6.0'
host_vendor='apple'
htmldir='${docdir}'
includedir='${prefix}/include'
infodir='${datarootdir}/info'
install_sh='${SHELL} /Users/Kelvin/workspace/libuv/libuv/install-sh'
libdir='${exec_prefix}/lib'
libexecdir='${exec_prefix}/libexec'
localedir='${datarootdir}/locale'
localstatedir='${prefix}/var'
mandir='${datarootdir}/man'
mkdir_p='$(MKDIR_P)'
oldincludedir='/usr/include'
pdfdir='${docdir}'
prefix='/usr/local'
program_transform_name='s,x,x,'
psdir='${docdir}'
sbindir='${exec_prefix}/sbin'
sharedstatedir='${prefix}/com'
sysconfdir='${prefix}/etc'
target_alias=''

## ----------- ##
## confdefs.h. ##
## ----------- ##

/* confdefs.h */
#define PACKAGE_NAME "libuv"
#define PACKAGE_TARNAME "libuv"
#define PACKAGE_VERSION "1.9.1"
#define PACKAGE_STRING "libuv 1.9.1"
#define PACKAGE_BUGREPORT "https://github.com/libuv/libuv/issues"
#define PACKAGE_URL ""
#define PACKAGE "libuv"
#define VERSION "1.9.1"
#define SUPPORT_FLAG_VISIBILITY 1
#define STDC_HEADERS 1
#define HAVE_SYS_TYPES_H 1
#define HAVE_SYS_STAT_H 1
#define HAVE_STDLIB_H 1
#define HAVE_STRING_H 1
#define HAVE_MEMORY_H 1
#define HAVE_STRINGS_H 1
#define HAVE_INTTYPES_H 1
#define HAVE_STDINT_H 1
#define HAVE_UNISTD_H 1
#define HAVE_DLFCN_H 1
#define LT_OBJDIR ".libs/"
#define HAVE_LIBDL 1
#define HAVE_LIBPTHREAD 1

configure: exit 0
